<?xml version="1.0" encoding="UTF-8"?>
<testsuite name="InvoiceServiceTest" tests="1" skipped="0" failures="0" errors="0" timestamp="2020-03-12T12:29:45" hostname="admin1-Vostro-3580" time="0.003">
  <properties/>
  <testcase name="givenUserIdAndRides_ShouldReturnInvoiceSummary" classname="InvoiceServiceTest" time="0.003"/>
  <system-out><![CDATA[]]></system-out>
  <system-err><![CDATA[]]></system-err>
</testsuite>
